<?xml version="1.0" encoding="UTF-8"?>
<testsuite xmlns:xsi="http://www.w3.org/2001/XMLSchema-instance" xsi:noNamespaceSchemaLocation="https://maven.apache.org/surefire/maven-surefire-plugin/xsd/surefire-test-report.xsd" name="def.AppTest" time="0.051" tests="1" errors="0" skipped="0" failures="0">
  <properties>
    <property name="sun.desktop" value="windows"/>
    <property name="awt.toolkit" value="sun.awt.windows.WToolkit"/>
    <property name="java.specification.version" value="11"/>
    <property name="sun.cpu.isalist" value="amd64"/>
    <property name="sun.jnu.encoding" value="Cp1252"/>
    <property name="java.class.path" value="c:\Coding\Code\Java\JavaPasswordStorage\password\target\test-classes;c:\Coding\Code\Java\JavaPasswordStorage\password\target\classes;C:\Users\ascha\.m2\repository\commons-codec\commons-codec\1.9\commons-codec-1.9.jar;C:\Users\ascha\.m2\repository\junit\junit\4.8\junit-4.8.jar;"/>
    <property name="java.vm.vendor" value="Oracle Corporation"/>
    <property name="sun.arch.data.model" value="64"/>
    <property name="user.variant" value=""/>
    <property name="java.vendor.url" value="http://java.oracle.com/"/>
    <property name="user.timezone" value="Europe/Berlin"/>
    <property name="java.vm.specification.version" value="11"/>
    <property name="os.name" value="Windows 10"/>
    <property name="sun.java.launcher" value="SUN_STANDARD"/>
    <property name="user.country" value="DE"/>
    <property name="sun.boot.library.path" value="C:\Program Files\Java\jdk-11.0.1\bin"/>
    <property name="sun.java.command" value="C:\Users\ascha\AppData\Local\Temp\surefire1712083054903575103\surefirebooter9556369839073253898.jar C:\Users\ascha\AppData\Local\Temp\surefire1712083054903575103 2018-12-11T16-29-21_392-jvmRun1 surefire4470166784596741368tmp surefire_011232970311248284989tmp"/>
    <property name="jdk.debug" value="release"/>
    <property name="surefire.test.class.path" value="c:\Coding\Code\Java\JavaPasswordStorage\password\target\test-classes;c:\Coding\Code\Java\JavaPasswordStorage\password\target\classes;C:\Users\ascha\.m2\repository\commons-codec\commons-codec\1.9\commons-codec-1.9.jar;C:\Users\ascha\.m2\repository\junit\junit\4.8\junit-4.8.jar;"/>
    <property name="sun.cpu.endian" value="little"/>
    <property name="user.home" value="C:\Users\ascha"/>
    <property name="user.language" value="de"/>
    <property name="java.specification.vendor" value="Oracle Corporation"/>
    <property name="java.version.date" value="2018-10-16"/>
    <property name="java.home" value="C:\Program Files\Java\jdk-11.0.1"/>
    <property name="file.separator" value="\"/>
    <property name="basedir" value="c:\Coding\Code\Java\JavaPasswordStorage\password"/>
    <property name="java.vm.compressedOopsMode" value="Zero based"/>
    <property name="line.separator" value="&#10;"/>
    <property name="java.specification.name" value="Java Platform API Specification"/>
    <property name="java.vm.specification.vendor" value="Oracle Corporation"/>
    <property name="java.awt.graphicsenv" value="sun.awt.Win32GraphicsEnvironment"/>
    <property name="surefire.real.class.path" value="C:\Users\ascha\AppData\Local\Temp\surefire1712083054903575103\surefirebooter9556369839073253898.jar"/>
    <property name="user.script" value=""/>
    <property name="sun.management.compiler" value="HotSpot 64-Bit Tiered Compilers"/>
    <property name="java.runtime.version" value="11.0.1+13-LTS"/>
    <property name="user.name" value="ascha"/>
    <property name="path.separator" value=";"/>
    <property name="os.version" value="10.0"/>
    <property name="java.runtime.name" value="Java(TM) SE Runtime Environment"/>
    <property name="file.encoding" value="Cp1252"/>
    <property name="java.vm.name" value="Java HotSpot(TM) 64-Bit Server VM"/>
    <property name="java.vendor.version" value="18.9"/>
    <property name="localRepository" value="C:\Users\ascha\.m2\repository"/>
    <property name="java.vendor.url.bug" value="http://bugreport.java.com/bugreport/"/>
    <property name="java.io.tmpdir" value="C:\Users\ascha\AppData\Local\Temp\"/>
    <property name="java.version" value="11.0.1"/>
    <property name="user.dir" value="c:\Coding\Code\Java\JavaPasswordStorage\password"/>
    <property name="os.arch" value="amd64"/>
    <property name="java.vm.specification.name" value="Java Virtual Machine Specification"/>
    <property name="java.awt.printerjob" value="sun.awt.windows.WPrinterJob"/>
    <property name="sun.os.patch.level" value=""/>
    <property name="java.library.path" value="C:\Program Files\Java\jdk-11.0.1\bin;C:\WINDOWS\Sun\Java\bin;C:\WINDOWS\system32;C:\WINDOWS;C:\Program Files\Java\jdk-11.0.1;C:\Program Files (x86)\Common Files\Oracle\Java\javapath;C:\WINDOWS\system32;C:\WINDOWS;C:\WINDOWS\System32\Wbem;C:\WINDOWS\System32\WindowsPowerShell\v1.0\;C:\Program Files\Java\jdk-11.0.1\bin;C:\Coding\Microsoft VS Code\bin;C:\Program Files\Git\cmd;C:\Program Files\Novell\iPrint;C:\WINDOWS\System32\OpenSSH\;C:\Coding\apache-maven-3.6.0\bin;C:\Program Files (x86)\CodeMeter\DevKit\bin\;C:\Program Files (x86)\CodeMeter\Runtime\bin\;C:\Coding\sonar-scanner-3.2.0.1227-windows\bin;C:\Program Files\Java\jdk-11.0.1;C:\Coding\Python\Scripts\;C:\Coding\Python\;C:\Users\ascha\AppData\Local\Microsoft\WindowsApps;C:\Users\ascha\AppData\Local\GitHubDesktop\bin;C:\Users\ascha\AppData\Local\Microsoft\WindowsApps;C:\Coding\apache-maven-3.6.0\bin;C:\Coding\sonar-scanner-3.2.0.1227-windows\bin;;."/>
    <property name="java.vendor" value="Oracle Corporation"/>
    <property name="java.vm.info" value="mixed mode"/>
    <property name="java.vm.version" value="11.0.1+13-LTS"/>
    <property name="sun.io.unicode.encoding" value="UnicodeLittle"/>
    <property name="java.class.version" value="55.0"/>
  </properties>
  <testcase name="shouldAnswerWithTrue" classname="def.AppTest" time="0.005"/>
</testsuite>